
2018-06-02 05:12:11,586 p=1218 u=root |  PLAY [all] *********************************************************************
2018-06-02 05:12:11,594 p=1218 u=root |  TASK [get list of running containers] ******************************************
2018-06-02 05:12:11,594 p=1218 u=root |  Saturday 02 June 2018  05:12:11 +0000 (0:00:00.048)       0:00:00.048 ********* 
2018-06-02 05:12:13,123 p=1218 u=root |  changed: [node3]
2018-06-02 05:12:13,128 p=1218 u=root |  changed: [node1]
2018-06-02 05:12:13,156 p=1218 u=root |  changed: [node2]
2018-06-02 05:12:13,163 p=1218 u=root |  TASK [debug] *******************************************************************
2018-06-02 05:12:13,163 p=1218 u=root |  Saturday 02 June 2018  05:12:13 +0000 (0:00:01.569)       0:00:01.618 ********* 
2018-06-02 05:12:13,215 p=1218 u=root |  ok: [node1] => {
    "msg": {
        "changed": true, 
        "cmd": [
            "docker", 
            "ps", 
            "-q", 
            "--filter", 
            "name=baseliner_node1"
        ], 
        "delta": "0:00:00.023343", 
        "end": "2018-06-01 23:12:13.087700", 
        "failed": false, 
        "rc": 0, 
        "start": "2018-06-01 23:12:13.064357", 
        "stderr": "", 
        "stderr_lines": [], 
        "stdout": "d3b53477edee", 
        "stdout_lines": [
            "d3b53477edee"
        ]
    }
}
2018-06-02 05:12:13,227 p=1218 u=root |  ok: [node2] => {
    "msg": {
        "changed": true, 
        "cmd": [
            "docker", 
            "ps", 
            "-q", 
            "--filter", 
            "name=baseliner_node2"
        ], 
        "delta": "0:00:00.020510", 
        "end": "2018-06-01 23:12:13.115157", 
        "failed": false, 
        "rc": 0, 
        "start": "2018-06-01 23:12:13.094647", 
        "stderr": "", 
        "stderr_lines": [], 
        "stdout": "", 
        "stdout_lines": []
    }
}
2018-06-02 05:12:13,231 p=1218 u=root |  ok: [node3] => {
    "msg": {
        "changed": true, 
        "cmd": [
            "docker", 
            "ps", 
            "-q", 
            "--filter", 
            "name=baseliner_node3"
        ], 
        "delta": "0:00:00.023138", 
        "end": "2018-06-01 23:12:13.082473", 
        "failed": false, 
        "rc": 0, 
        "start": "2018-06-01 23:12:13.059335", 
        "stderr": "", 
        "stderr_lines": [], 
        "stdout": "362b68ee7b32", 
        "stdout_lines": [
            "362b68ee7b32"
        ]
    }
}
2018-06-02 05:12:13,234 p=1218 u=root |  TASK [print message if no containers are running] ******************************
2018-06-02 05:12:13,234 p=1218 u=root |  Saturday 02 June 2018  05:12:13 +0000 (0:00:00.070)       0:00:01.688 ********* 
2018-06-02 05:12:13,296 p=1218 u=root |  ok: [node2] => {
    "msg": "INFO: no containers running"
}
2018-06-02 05:12:13,298 p=1218 u=root |  PLAY RECAP *********************************************************************
2018-06-02 05:12:13,298 p=1218 u=root |  node1                      : ok=2    changed=1    unreachable=0    failed=0   
2018-06-02 05:12:13,298 p=1218 u=root |  node2                      : ok=3    changed=1    unreachable=0    failed=0   
2018-06-02 05:12:13,298 p=1218 u=root |  node3                      : ok=2    changed=1    unreachable=0    failed=0   
2018-06-02 05:12:13,298 p=1218 u=root |  Saturday 02 June 2018  05:12:13 +0000 (0:00:00.064)       0:00:01.753 ********* 
2018-06-02 05:12:13,298 p=1218 u=root |  =============================================================================== 
2018-06-02 05:12:13,299 p=1218 u=root |  get list of running containers ------------------------------------------ 1.57s
2018-06-02 05:12:13,299 p=1218 u=root |  debug ------------------------------------------------------------------- 0.07s
2018-06-02 05:12:13,299 p=1218 u=root |  print message if no containers are running ------------------------------ 0.06s
2018-06-02 05:12:13,299 p=1218 u=root |  Playbook run took 0 days, 0 hours, 0 minutes, 1 seconds
